Project/Random3DGame/Temp/gradleOut/launcher/build/intermediates/manifest_merge_blame_file/debug/manifest-merger-blame-debug-report.txt
1<?xml version="1.0" encoding="utf-8"?>
2<!-- GENERATED BY UNITY. REMOVE THIS COMMENT TO PREVENT OVERWRITING WHEN EXPORTING AGAIN -->
3<manifest xmlns:android="http://schemas.android.com/apk/res/android"
4    package="com.DefaultCompany.Random3DGame"
5    android:installLocation="preferExternal"
6    android:versionCode="1"
7    android:versionName="0.1" >
8
9    <uses-sdk
10        android:minSdkVersion="19"
10-->src\main\AndroidManifest.xml
11        android:targetSdkVersion="28" />
11-->src\main\AndroidManifest.xml
12
13    <supports-screens
13-->src\main\AndroidManifest.xml:4:3-163
14        android:anyDensity="true"
14-->src\main\AndroidManifest.xml:4:135-160
15        android:largeScreens="true"
15-->src\main\AndroidManifest.xml:4:78-105
16        android:normalScreens="true"
16-->src\main\AndroidManifest.xml:4:49-77
17        android:smallScreens="true"
17-->src\main\AndroidManifest.xml:4:21-48
18        android:xlargeScreens="true" />
18-->src\main\AndroidManifest.xml:4:106-134
19
20    <uses-feature android:glEsVersion="0x00030000" />
20-->[:unityLibrary] AndroidManifest.xml:13:5-54
20-->[:unityLibrary] AndroidManifest.xml:13:19-51
21    <uses-feature
21-->[:unityLibrary] AndroidManifest.xml:14:5-16:36
22        android:name="android.hardware.vulkan.version"
22-->[:unityLibrary] AndroidManifest.xml:15:9-55
23        android:required="false" />
23-->[:unityLibrary] AndroidManifest.xml:16:9-33
24
25    <uses-permission android:name="android.permission.INTERNET" />
25-->[:unityLibrary] AndroidManifest.xml:18:5-67
25-->[:unityLibrary] AndroidManifest.xml:18:22-64
26
27    <uses-feature
27-->[:unityLibrary] AndroidManifest.xml:20:5-22:36
28        android:name="android.hardware.touchscreen"
28-->[:unityLibrary] AndroidManifest.xml:21:9-52
29        android:required="false" />
29-->[:unityLibrary] AndroidManifest.xml:22:9-33
30    <uses-feature
30-->[:unityLibrary] AndroidManifest.xml:23:5-25:36
31        android:name="android.hardware.touchscreen.multitouch"
31-->[:unityLibrary] AndroidManifest.xml:24:9-63
32        android:required="false" />
32-->[:unityLibrary] AndroidManifest.xml:25:9-33
33    <uses-feature
33-->[:unityLibrary] AndroidManifest.xml:26:5-28:36
34        android:name="android.hardware.touchscreen.multitouch.distinct"
34-->[:unityLibrary] AndroidManifest.xml:27:9-72
35        android:required="false" />
35-->[:unityLibrary] AndroidManifest.xml:28:9-33
36
37    <application
37-->src\main\AndroidManifest.xml:5:3-116
38        android:debuggable="true"
39        android:extractNativeLibs="true"
39-->src\main\AndroidManifest.xml:5:16-48
40        android:icon="@mipmap/app_icon"
40-->src\main\AndroidManifest.xml:5:82-113
41        android:label="@string/app_name" >
41-->src\main\AndroidManifest.xml:5:49-81
42        <activity
42-->[:unityLibrary] AndroidManifest.xml:31:9-50:20
43            android:name="com.unity3d.player.UnityPlayerActivity"
43-->[:unityLibrary] AndroidManifest.xml:32:13-66
44            android:configChanges="mcc|mnc|locale|touchscreen|keyboard|keyboardHidden|navigation|orientation|screenLayout|uiMode|screenSize|smallestScreenSize|fontScale|layoutDirection|density"
44-->[:unityLibrary] AndroidManifest.xml:33:13-194
45            android:hardwareAccelerated="false"
45-->[:unityLibrary] AndroidManifest.xml:34:13-48
46            android:launchMode="singleTask"
46-->[:unityLibrary] AndroidManifest.xml:35:13-44
47            android:screenOrientation="fullSensor"
47-->[:unityLibrary] AndroidManifest.xml:36:13-51
48            android:theme="@style/UnityThemeSelector" >
48-->[:unityLibrary] AndroidManifest.xml:37:13-54
49            <intent-filter>
49-->[:unityLibrary] AndroidManifest.xml:38:13-42:29
50                <action android:name="android.intent.action.MAIN" />
50-->[:unityLibrary] AndroidManifest.xml:39:17-69
50-->[:unityLibrary] AndroidManifest.xml:39:25-66
51
52                <category android:name="android.intent.category.LAUNCHER" />
52-->[:unityLibrary] AndroidManifest.xml:41:17-77
52-->[:unityLibrary] AndroidManifest.xml:41:27-74
53            </intent-filter>
54
55            <meta-data
55-->[:unityLibrary] AndroidManifest.xml:44:13-46:40
56                android:name="unityplayer.UnityActivity"
56-->[:unityLibrary] AndroidManifest.xml:45:17-57
57                android:value="true" />
57-->[:unityLibrary] AndroidManifest.xml:46:17-37
58            <meta-data
58-->[:unityLibrary] AndroidManifest.xml:47:13-49:40
59                android:name="android.notch_support"
59-->[:unityLibrary] AndroidManifest.xml:48:17-53
60                android:value="true" />
60-->[:unityLibrary] AndroidManifest.xml:49:17-37
61        </activity>
62
63        <meta-data
63-->[:unityLibrary] AndroidManifest.xml:52:9-54:33
64            android:name="unity.splash-mode"
64-->[:unityLibrary] AndroidManifest.xml:53:13-45
65            android:value="0" />
65-->[:unityLibrary] AndroidManifest.xml:54:13-30
66        <meta-data
66-->[:unityLibrary] AndroidManifest.xml:55:9-57:36
67            android:name="unity.splash-enable"
67-->[:unityLibrary] AndroidManifest.xml:56:13-47
68            android:value="True" />
68-->[:unityLibrary] AndroidManifest.xml:57:13-33
69        <meta-data
69-->[:unityLibrary] AndroidManifest.xml:58:9-60:50
70            android:name="notch.config"
70-->[:unityLibrary] AndroidManifest.xml:59:13-40
71            android:value="portrait|landscape" />
71-->[:unityLibrary] AndroidManifest.xml:60:13-47
72        <meta-data
72-->[:unityLibrary] AndroidManifest.xml:61:9-63:68
73            android:name="unity.build-id"
73-->[:unityLibrary] AndroidManifest.xml:62:13-42
74            android:value="7d6adfc6-2bea-45dc-9753-7bde2a8d1210" />
74-->[:unityLibrary] AndroidManifest.xml:63:13-65
75    </application>
76
77</manifest>